{"numFailedTestSuites":1,"numFailedTests":11,"numPassedTestSuites":0,"numPassedTests":0,"numPendingTestSuites":0,"numPendingTests":0,"numRuntimeErrorTestSuites":0,"numTodoTests":0,"numTotalTestSuites":1,"numTotalTests":11,"openHandles":[],"snapshot":{"added":0,"didUpdate":false,"failure":false,"filesAdded":0,"filesRemoved":0,"filesRemovedList":[],"filesUnmatched":0,"filesUpdated":0,"matched":0,"total":0,"unchecked":0,"uncheckedKeysByFile":[],"unmatched":0,"updated":0},"startTime":1774610638829,"success":false,"testResults":[{"assertionResults":[{"ancestorTitles":["Central Balance Routes","GET /api/v1/central/accounts"],"duration":2,"failing":false,"failureDetails":[{}],"failureMessages":["TypeError: Cannot read properties of undefined (reading 'mockResolvedValue')\n    at mockResolvedValue (C:\\dev\\dikky-kas-api\\__tests__\\helpers\\mockPrisma.js:47:24)\n    at Object.resetAllMocks (C:\\dev\\dikky-kas-api\\__tests__\\routes\\central.test.js:11:9)\n    at Promise.finally.completed (C:\\dev\\dikky-kas-api\\node_modules\\jest-circus\\build\\jestAdapterInit.js:1557:28)\n    at new Promise (<anonymous>)\n    at callAsyncCircusFn (C:\\dev\\dikky-kas-api\\node_modules\\jest-circus\\build\\jestAdapterInit.js:1497:10)\n    at _callCircusHook (C:\\dev\\dikky-kas-api\\node_modules\\jest-circus\\build\\jestAdapterInit.js:976:40)\n    at processTicksAndRejections (node:internal/process/task_queues:95:5)\n    at _runTest (C:\\dev\\dikky-kas-api\\node_modules\\jest-circus\\build\\jestAdapterInit.js:941:5)\n    at C:\\dev\\dikky-kas-api\\node_modules\\jest-circus\\build\\jestAdapterInit.js:849:7\n    at _runTestsForDescribeBlock (C:\\dev\\dikky-kas-api\\node_modules\\jest-circus\\build\\jestAdapterInit.js:862:11)\n    at _runTestsForDescribeBlock (C:\\dev\\dikky-kas-api\\node_modules\\jest-circus\\build\\jestAdapterInit.js:857:11)\n    at _runTestsForDescribeBlock (C:\\dev\\dikky-kas-api\\node_modules\\jest-circus\\build\\jestAdapterInit.js:857:11)\n    at run (C:\\dev\\dikky-kas-api\\node_modules\\jest-circus\\build\\jestAdapterInit.js:761:3)\n    at runAndTransformResultsToJestFormat (C:\\dev\\dikky-kas-api\\node_modules\\jest-circus\\build\\jestAdapterInit.js:1918:21)\n    at jestAdapter (C:\\dev\\dikky-kas-api\\node_modules\\jest-circus\\build\\runner.js:101:19)\n    at runTestInternal (C:\\dev\\dikky-kas-api\\node_modules\\jest-runner\\build\\index.js:275:16)\n    at runTest (C:\\dev\\dikky-kas-api\\node_modules\\jest-runner\\build\\index.js:343:7)"],"fullName":"Central Balance Routes GET /api/v1/central/accounts should return existing accounts","invocations":1,"location":null,"numPassingAsserts":0,"retryReasons":[],"startAt":1774610639688,"status":"failed","title":"should return existing accounts"},{"ancestorTitles":["Central Balance Routes","GET /api/v1/central/accounts"],"duration":1,"failing":false,"failureDetails":[{}],"failureMessages":["TypeError: Cannot read properties of undefined (reading 'mockResolvedValue')\n    at mockResolvedValue (C:\\dev\\dikky-kas-api\\__tests__\\helpers\\mockPrisma.js:47:24)\n    at Object.resetAllMocks (C:\\dev\\dikky-kas-api\\__tests__\\routes\\central.test.js:11:9)\n    at Promise.finally.completed (C:\\dev\\dikky-kas-api\\node_modules\\jest-circus\\build\\jestAdapterInit.js:1557:28)\n    at new Promise (<anonymous>)\n    at callAsyncCircusFn (C:\\dev\\dikky-kas-api\\node_modules\\jest-circus\\build\\jestAdapterInit.js:1497:10)\n    at _callCircusHook (C:\\dev\\dikky-kas-api\\node_modules\\jest-circus\\build\\jestAdapterInit.js:976:40)\n    at processTicksAndRejections (node:internal/process/task_queues:95:5)\n    at _runTest (C:\\dev\\dikky-kas-api\\node_modules\\jest-circus\\build\\jestAdapterInit.js:941:5)\n    at C:\\dev\\dikky-kas-api\\node_modules\\jest-circus\\build\\jestAdapterInit.js:849:7\n    at _runTestsForDescribeBlock (C:\\dev\\dikky-kas-api\\node_modules\\jest-circus\\build\\jestAdapterInit.js:862:11)\n    at _runTestsForDescribeBlock (C:\\dev\\dikky-kas-api\\node_modules\\jest-circus\\build\\jestAdapterInit.js:857:11)\n    at _runTestsForDescribeBlock (C:\\dev\\dikky-kas-api\\node_modules\\jest-circus\\build\\jestAdapterInit.js:857:11)\n    at run (C:\\dev\\dikky-kas-api\\node_modules\\jest-circus\\build\\jestAdapterInit.js:761:3)\n    at runAndTransformResultsToJestFormat (C:\\dev\\dikky-kas-api\\node_modules\\jest-circus\\build\\jestAdapterInit.js:1918:21)\n    at jestAdapter (C:\\dev\\dikky-kas-api\\node_modules\\jest-circus\\build\\runner.js:101:19)\n    at runTestInternal (C:\\dev\\dikky-kas-api\\node_modules\\jest-runner\\build\\index.js:275:16)\n    at runTest (C:\\dev\\dikky-kas-api\\node_modules\\jest-runner\\build\\index.js:343:7)"],"fullName":"Central Balance Routes GET /api/v1/central/accounts should auto-initialize defaults when no accounts exist","invocations":1,"location":null,"numPassingAsserts":0,"retryReasons":[],"startAt":1774610639700,"status":"failed","title":"should auto-initialize defaults when no accounts exist"},{"ancestorTitles":["Central Balance Routes","GET /api/v1/central/accounts"],"duration":3,"failing":false,"failureDetails":[{}],"failureMessages":["TypeError: Cannot read properties of undefined (reading 'mockResolvedValue')\n    at mockResolvedValue (C:\\dev\\dikky-kas-api\\__tests__\\helpers\\mockPrisma.js:47:24)\n    at Object.resetAllMocks (C:\\dev\\dikky-kas-api\\__tests__\\routes\\central.test.js:11:9)\n    at Promise.finally.completed (C:\\dev\\dikky-kas-api\\node_modules\\jest-circus\\build\\jestAdapterInit.js:1557:28)\n    at new Promise (<anonymous>)\n    at callAsyncCircusFn (C:\\dev\\dikky-kas-api\\node_modules\\jest-circus\\build\\jestAdapterInit.js:1497:10)\n    at _callCircusHook (C:\\dev\\dikky-kas-api\\node_modules\\jest-circus\\build\\jestAdapterInit.js:976:40)\n    at processTicksAndRejections (node:internal/process/task_queues:95:5)\n    at _runTest (C:\\dev\\dikky-kas-api\\node_modules\\jest-circus\\build\\jestAdapterInit.js:941:5)\n    at C:\\dev\\dikky-kas-api\\node_modules\\jest-circus\\build\\jestAdapterInit.js:849:7\n    at _runTestsForDescribeBlock (C:\\dev\\dikky-kas-api\\node_modules\\jest-circus\\build\\jestAdapterInit.js:862:11)\n    at _runTestsForDescribeBlock (C:\\dev\\dikky-kas-api\\node_modules\\jest-circus\\build\\jestAdapterInit.js:857:11)\n    at _runTestsForDescribeBlock (C:\\dev\\dikky-kas-api\\node_modules\\jest-circus\\build\\jestAdapterInit.js:857:11)\n    at run (C:\\dev\\dikky-kas-api\\node_modules\\jest-circus\\build\\jestAdapterInit.js:761:3)\n    at runAndTransformResultsToJestFormat (C:\\dev\\dikky-kas-api\\node_modules\\jest-circus\\build\\jestAdapterInit.js:1918:21)\n    at jestAdapter (C:\\dev\\dikky-kas-api\\node_modules\\jest-circus\\build\\runner.js:101:19)\n    at runTestInternal (C:\\dev\\dikky-kas-api\\node_modules\\jest-runner\\build\\index.js:275:16)\n    at runTest (C:\\dev\\dikky-kas-api\\node_modules\\jest-runner\\build\\index.js:343:7)"],"fullName":"Central Balance Routes GET /api/v1/central/accounts should return 401 without auth","invocations":1,"location":null,"numPassingAsserts":0,"retryReasons":[],"startAt":1774610639702,"status":"failed","title":"should return 401 without auth"},{"ancestorTitles":["Central Balance Routes","POST /api/v1/central/movements"],"duration":0,"failing":false,"failureDetails":[{}],"failureMessages":["TypeError: Cannot read properties of undefined (reading 'mockResolvedValue')\n    at mockResolvedValue (C:\\dev\\dikky-kas-api\\__tests__\\helpers\\mockPrisma.js:47:24)\n    at Object.resetAllMocks (C:\\dev\\dikky-kas-api\\__tests__\\routes\\central.test.js:11:9)\n    at Promise.finally.completed (C:\\dev\\dikky-kas-api\\node_modules\\jest-circus\\build\\jestAdapterInit.js:1557:28)\n    at new Promise (<anonymous>)\n    at callAsyncCircusFn (C:\\dev\\dikky-kas-api\\node_modules\\jest-circus\\build\\jestAdapterInit.js:1497:10)\n    at _callCircusHook (C:\\dev\\dikky-kas-api\\node_modules\\jest-circus\\build\\jestAdapterInit.js:976:40)\n    at processTicksAndRejections (node:internal/process/task_queues:95:5)\n    at _runTest (C:\\dev\\dikky-kas-api\\node_modules\\jest-circus\\build\\jestAdapterInit.js:941:5)\n    at C:\\dev\\dikky-kas-api\\node_modules\\jest-circus\\build\\jestAdapterInit.js:849:7\n    at _runTestsForDescribeBlock (C:\\dev\\dikky-kas-api\\node_modules\\jest-circus\\build\\jestAdapterInit.js:862:11)\n    at _runTestsForDescribeBlock (C:\\dev\\dikky-kas-api\\node_modules\\jest-circus\\build\\jestAdapterInit.js:857:11)\n    at _runTestsForDescribeBlock (C:\\dev\\dikky-kas-api\\node_modules\\jest-circus\\build\\jestAdapterInit.js:857:11)\n    at run (C:\\dev\\dikky-kas-api\\node_modules\\jest-circus\\build\\jestAdapterInit.js:761:3)\n    at runAndTransformResultsToJestFormat (C:\\dev\\dikky-kas-api\\node_modules\\jest-circus\\build\\jestAdapterInit.js:1918:21)\n    at jestAdapter (C:\\dev\\dikky-kas-api\\node_modules\\jest-circus\\build\\runner.js:101:19)\n    at runTestInternal (C:\\dev\\dikky-kas-api\\node_modules\\jest-runner\\build\\index.js:275:16)\n    at runTest (C:\\dev\\dikky-kas-api\\node_modules\\jest-runner\\build\\index.js:343:7)"],"fullName":"Central Balance Routes POST /api/v1/central/movements should record EXPENSE and decrement account","invocations":1,"location":null,"numPassingAsserts":0,"retryReasons":[],"startAt":1774610639706,"status":"failed","title":"should record EXPENSE and decrement account"},{"ancestorTitles":["Central Balance Routes","POST /api/v1/central/movements"],"duration":0,"failing":false,"failureDetails":[{}],"failureMessages":["TypeError: Cannot read properties of undefined (reading 'mockResolvedValue')\n    at mockResolvedValue (C:\\dev\\dikky-kas-api\\__tests__\\helpers\\mockPrisma.js:47:24)\n    at Object.resetAllMocks (C:\\dev\\dikky-kas-api\\__tests__\\routes\\central.test.js:11:9)\n    at Promise.finally.completed (C:\\dev\\dikky-kas-api\\node_modules\\jest-circus\\build\\jestAdapterInit.js:1557:28)\n    at new Promise (<anonymous>)\n    at callAsyncCircusFn (C:\\dev\\dikky-kas-api\\node_modules\\jest-circus\\build\\jestAdapterInit.js:1497:10)\n    at _callCircusHook (C:\\dev\\dikky-kas-api\\node_modules\\jest-circus\\build\\jestAdapterInit.js:976:40)\n    at processTicksAndRejections (node:internal/process/task_queues:95:5)\n    at _runTest (C:\\dev\\dikky-kas-api\\node_modules\\jest-circus\\build\\jestAdapterInit.js:941:5)\n    at C:\\dev\\dikky-kas-api\\node_modules\\jest-circus\\build\\jestAdapterInit.js:849:7\n    at _runTestsForDescribeBlock (C:\\dev\\dikky-kas-api\\node_modules\\jest-circus\\build\\jestAdapterInit.js:862:11)\n    at _runTestsForDescribeBlock (C:\\dev\\dikky-kas-api\\node_modules\\jest-circus\\build\\jestAdapterInit.js:857:11)\n    at _runTestsForDescribeBlock (C:\\dev\\dikky-kas-api\\node_modules\\jest-circus\\build\\jestAdapterInit.js:857:11)\n    at run (C:\\dev\\dikky-kas-api\\node_modules\\jest-circus\\build\\jestAdapterInit.js:761:3)\n    at runAndTransformResultsToJestFormat (C:\\dev\\dikky-kas-api\\node_modules\\jest-circus\\build\\jestAdapterInit.js:1918:21)\n    at jestAdapter (C:\\dev\\dikky-kas-api\\node_modules\\jest-circus\\build\\runner.js:101:19)\n    at runTestInternal (C:\\dev\\dikky-kas-api\\node_modules\\jest-runner\\build\\index.js:275:16)\n    at runTest (C:\\dev\\dikky-kas-api\\node_modules\\jest-runner\\build\\index.js:343:7)"],"fullName":"Central Balance Routes POST /api/v1/central/movements should record INCOME and increment account","invocations":1,"location":null,"numPassingAsserts":0,"retryReasons":[],"startAt":1774610639707,"status":"failed","title":"should record INCOME and increment account"},{"ancestorTitles":["Central Balance Routes","POST /api/v1/central/movements"],"duration":1,"failing":false,"failureDetails":[{}],"failureMessages":["TypeError: Cannot read properties of undefined (reading 'mockResolvedValue')\n    at mockResolvedValue (C:\\dev\\dikky-kas-api\\__tests__\\helpers\\mockPrisma.js:47:24)\n    at Object.resetAllMocks (C:\\dev\\dikky-kas-api\\__tests__\\routes\\central.test.js:11:9)\n    at Promise.finally.completed (C:\\dev\\dikky-kas-api\\node_modules\\jest-circus\\build\\jestAdapterInit.js:1557:28)\n    at new Promise (<anonymous>)\n    at callAsyncCircusFn (C:\\dev\\dikky-kas-api\\node_modules\\jest-circus\\build\\jestAdapterInit.js:1497:10)\n    at _callCircusHook (C:\\dev\\dikky-kas-api\\node_modules\\jest-circus\\build\\jestAdapterInit.js:976:40)\n    at processTicksAndRejections (node:internal/process/task_queues:95:5)\n    at _runTest (C:\\dev\\dikky-kas-api\\node_modules\\jest-circus\\build\\jestAdapterInit.js:941:5)\n    at C:\\dev\\dikky-kas-api\\node_modules\\jest-circus\\build\\jestAdapterInit.js:849:7\n    at _runTestsForDescribeBlock (C:\\dev\\dikky-kas-api\\node_modules\\jest-circus\\build\\jestAdapterInit.js:862:11)\n    at _runTestsForDescribeBlock (C:\\dev\\dikky-kas-api\\node_modules\\jest-circus\\build\\jestAdapterInit.js:857:11)\n    at _runTestsForDescribeBlock (C:\\dev\\dikky-kas-api\\node_modules\\jest-circus\\build\\jestAdapterInit.js:857:11)\n    at run (C:\\dev\\dikky-kas-api\\node_modules\\jest-circus\\build\\jestAdapterInit.js:761:3)\n    at runAndTransformResultsToJestFormat (C:\\dev\\dikky-kas-api\\node_modules\\jest-circus\\build\\jestAdapterInit.js:1918:21)\n    at jestAdapter (C:\\dev\\dikky-kas-api\\node_modules\\jest-circus\\build\\runner.js:101:19)\n    at runTestInternal (C:\\dev\\dikky-kas-api\\node_modules\\jest-runner\\build\\index.js:275:16)\n    at runTest (C:\\dev\\dikky-kas-api\\node_modules\\jest-runner\\build\\index.js:343:7)"],"fullName":"Central Balance Routes POST /api/v1/central/movements should record TRANSFER and update both accounts","invocations":1,"location":null,"numPassingAsserts":0,"retryReasons":[],"startAt":1774610639707,"status":"failed","title":"should record TRANSFER and update both accounts"},{"ancestorTitles":["Central Balance Routes","POST /api/v1/central/movements"],"duration":1,"failing":false,"failureDetails":[{}],"failureMessages":["TypeError: Cannot read properties of undefined (reading 'mockResolvedValue')\n    at mockResolvedValue (C:\\dev\\dikky-kas-api\\__tests__\\helpers\\mockPrisma.js:47:24)\n    at Object.resetAllMocks (C:\\dev\\dikky-kas-api\\__tests__\\routes\\central.test.js:11:9)\n    at Promise.finally.completed (C:\\dev\\dikky-kas-api\\node_modules\\jest-circus\\build\\jestAdapterInit.js:1557:28)\n    at new Promise (<anonymous>)\n    at callAsyncCircusFn (C:\\dev\\dikky-kas-api\\node_modules\\jest-circus\\build\\jestAdapterInit.js:1497:10)\n    at _callCircusHook (C:\\dev\\dikky-kas-api\\node_modules\\jest-circus\\build\\jestAdapterInit.js:976:40)\n    at processTicksAndRejections (node:internal/process/task_queues:95:5)\n    at _runTest (C:\\dev\\dikky-kas-api\\node_modules\\jest-circus\\build\\jestAdapterInit.js:941:5)\n    at C:\\dev\\dikky-kas-api\\node_modules\\jest-circus\\build\\jestAdapterInit.js:849:7\n    at _runTestsForDescribeBlock (C:\\dev\\dikky-kas-api\\node_modules\\jest-circus\\build\\jestAdapterInit.js:862:11)\n    at _runTestsForDescribeBlock (C:\\dev\\dikky-kas-api\\node_modules\\jest-circus\\build\\jestAdapterInit.js:857:11)\n    at _runTestsForDescribeBlock (C:\\dev\\dikky-kas-api\\node_modules\\jest-circus\\build\\jestAdapterInit.js:857:11)\n    at run (C:\\dev\\dikky-kas-api\\node_modules\\jest-circus\\build\\jestAdapterInit.js:761:3)\n    at runAndTransformResultsToJestFormat (C:\\dev\\dikky-kas-api\\node_modules\\jest-circus\\build\\jestAdapterInit.js:1918:21)\n    at jestAdapter (C:\\dev\\dikky-kas-api\\node_modules\\jest-circus\\build\\runner.js:101:19)\n    at runTestInternal (C:\\dev\\dikky-kas-api\\node_modules\\jest-runner\\build\\index.js:275:16)\n    at runTest (C:\\dev\\dikky-kas-api\\node_modules\\jest-runner\\build\\index.js:343:7)"],"fullName":"Central Balance Routes POST /api/v1/central/movements should return 400 for EXPENSE without account","invocations":1,"location":null,"numPassingAsserts":0,"retryReasons":[],"startAt":1774610639708,"status":"failed","title":"should return 400 for EXPENSE without account"},{"ancestorTitles":["Central Balance Routes","POST /api/v1/central/movements"],"duration":0,"failing":false,"failureDetails":[{}],"failureMessages":["TypeError: Cannot read properties of undefined (reading 'mockResolvedValue')\n    at mockResolvedValue (C:\\dev\\dikky-kas-api\\__tests__\\helpers\\mockPrisma.js:47:24)\n    at Object.resetAllMocks (C:\\dev\\dikky-kas-api\\__tests__\\routes\\central.test.js:11:9)\n    at Promise.finally.completed (C:\\dev\\dikky-kas-api\\node_modules\\jest-circus\\build\\jestAdapterInit.js:1557:28)\n    at new Promise (<anonymous>)\n    at callAsyncCircusFn (C:\\dev\\dikky-kas-api\\node_modules\\jest-circus\\build\\jestAdapterInit.js:1497:10)\n    at _callCircusHook (C:\\dev\\dikky-kas-api\\node_modules\\jest-circus\\build\\jestAdapterInit.js:976:40)\n    at processTicksAndRejections (node:internal/process/task_queues:95:5)\n    at _runTest (C:\\dev\\dikky-kas-api\\node_modules\\jest-circus\\build\\jestAdapterInit.js:941:5)\n    at C:\\dev\\dikky-kas-api\\node_modules\\jest-circus\\build\\jestAdapterInit.js:849:7\n    at _runTestsForDescribeBlock (C:\\dev\\dikky-kas-api\\node_modules\\jest-circus\\build\\jestAdapterInit.js:862:11)\n    at _runTestsForDescribeBlock (C:\\dev\\dikky-kas-api\\node_modules\\jest-circus\\build\\jestAdapterInit.js:857:11)\n    at _runTestsForDescribeBlock (C:\\dev\\dikky-kas-api\\node_modules\\jest-circus\\build\\jestAdapterInit.js:857:11)\n    at run (C:\\dev\\dikky-kas-api\\node_modules\\jest-circus\\build\\jestAdapterInit.js:761:3)\n    at runAndTransformResultsToJestFormat (C:\\dev\\dikky-kas-api\\node_modules\\jest-circus\\build\\jestAdapterInit.js:1918:21)\n    at jestAdapter (C:\\dev\\dikky-kas-api\\node_modules\\jest-circus\\build\\runner.js:101:19)\n    at runTestInternal (C:\\dev\\dikky-kas-api\\node_modules\\jest-runner\\build\\index.js:275:16)\n    at runTest (C:\\dev\\dikky-kas-api\\node_modules\\jest-runner\\build\\index.js:343:7)"],"fullName":"Central Balance Routes POST /api/v1/central/movements should return 400 for TRANSFER without fromAccount/toAccount","invocations":1,"location":null,"numPassingAsserts":0,"retryReasons":[],"startAt":1774610639710,"status":"failed","title":"should return 400 for TRANSFER without fromAccount/toAccount"},{"ancestorTitles":["Central Balance Routes","POST /api/v1/central/movements"],"duration":0,"failing":false,"failureDetails":[{}],"failureMessages":["TypeError: Cannot read properties of undefined (reading 'mockResolvedValue')\n    at mockResolvedValue (C:\\dev\\dikky-kas-api\\__tests__\\helpers\\mockPrisma.js:47:24)\n    at Object.resetAllMocks (C:\\dev\\dikky-kas-api\\__tests__\\routes\\central.test.js:11:9)\n    at Promise.finally.completed (C:\\dev\\dikky-kas-api\\node_modules\\jest-circus\\build\\jestAdapterInit.js:1557:28)\n    at new Promise (<anonymous>)\n    at callAsyncCircusFn (C:\\dev\\dikky-kas-api\\node_modules\\jest-circus\\build\\jestAdapterInit.js:1497:10)\n    at _callCircusHook (C:\\dev\\dikky-kas-api\\node_modules\\jest-circus\\build\\jestAdapterInit.js:976:40)\n    at processTicksAndRejections (node:internal/process/task_queues:95:5)\n    at _runTest (C:\\dev\\dikky-kas-api\\node_modules\\jest-circus\\build\\jestAdapterInit.js:941:5)\n    at C:\\dev\\dikky-kas-api\\node_modules\\jest-circus\\build\\jestAdapterInit.js:849:7\n    at _runTestsForDescribeBlock (C:\\dev\\dikky-kas-api\\node_modules\\jest-circus\\build\\jestAdapterInit.js:862:11)\n    at _runTestsForDescribeBlock (C:\\dev\\dikky-kas-api\\node_modules\\jest-circus\\build\\jestAdapterInit.js:857:11)\n    at _runTestsForDescribeBlock (C:\\dev\\dikky-kas-api\\node_modules\\jest-circus\\build\\jestAdapterInit.js:857:11)\n    at run (C:\\dev\\dikky-kas-api\\node_modules\\jest-circus\\build\\jestAdapterInit.js:761:3)\n    at runAndTransformResultsToJestFormat (C:\\dev\\dikky-kas-api\\node_modules\\jest-circus\\build\\jestAdapterInit.js:1918:21)\n    at jestAdapter (C:\\dev\\dikky-kas-api\\node_modules\\jest-circus\\build\\runner.js:101:19)\n    at runTestInternal (C:\\dev\\dikky-kas-api\\node_modules\\jest-runner\\build\\index.js:275:16)\n    at runTest (C:\\dev\\dikky-kas-api\\node_modules\\jest-runner\\build\\index.js:343:7)"],"fullName":"Central Balance Routes POST /api/v1/central/movements should return 400 for invalid type","invocations":1,"location":null,"numPassingAsserts":0,"retryReasons":[],"startAt":1774610639711,"status":"failed","title":"should return 400 for invalid type"},{"ancestorTitles":["Central Balance Routes","GET /api/v1/central/movements"],"duration":0,"failing":false,"failureDetails":[{}],"failureMessages":["TypeError: Cannot read properties of undefined (reading 'mockResolvedValue')\n    at mockResolvedValue (C:\\dev\\dikky-kas-api\\__tests__\\helpers\\mockPrisma.js:47:24)\n    at Object.resetAllMocks (C:\\dev\\dikky-kas-api\\__tests__\\routes\\central.test.js:11:9)\n    at Promise.finally.completed (C:\\dev\\dikky-kas-api\\node_modules\\jest-circus\\build\\jestAdapterInit.js:1557:28)\n    at new Promise (<anonymous>)\n    at callAsyncCircusFn (C:\\dev\\dikky-kas-api\\node_modules\\jest-circus\\build\\jestAdapterInit.js:1497:10)\n    at _callCircusHook (C:\\dev\\dikky-kas-api\\node_modules\\jest-circus\\build\\jestAdapterInit.js:976:40)\n    at processTicksAndRejections (node:internal/process/task_queues:95:5)\n    at _runTest (C:\\dev\\dikky-kas-api\\node_modules\\jest-circus\\build\\jestAdapterInit.js:941:5)\n    at C:\\dev\\dikky-kas-api\\node_modules\\jest-circus\\build\\jestAdapterInit.js:849:7\n    at _runTestsForDescribeBlock (C:\\dev\\dikky-kas-api\\node_modules\\jest-circus\\build\\jestAdapterInit.js:862:11)\n    at _runTestsForDescribeBlock (C:\\dev\\dikky-kas-api\\node_modules\\jest-circus\\build\\jestAdapterInit.js:857:11)\n    at _runTestsForDescribeBlock (C:\\dev\\dikky-kas-api\\node_modules\\jest-circus\\build\\jestAdapterInit.js:857:11)\n    at run (C:\\dev\\dikky-kas-api\\node_modules\\jest-circus\\build\\jestAdapterInit.js:761:3)\n    at runAndTransformResultsToJestFormat (C:\\dev\\dikky-kas-api\\node_modules\\jest-circus\\build\\jestAdapterInit.js:1918:21)\n    at jestAdapter (C:\\dev\\dikky-kas-api\\node_modules\\jest-circus\\build\\runner.js:101:19)\n    at runTestInternal (C:\\dev\\dikky-kas-api\\node_modules\\jest-runner\\build\\index.js:275:16)\n    at runTest (C:\\dev\\dikky-kas-api\\node_modules\\jest-runner\\build\\index.js:343:7)"],"fullName":"Central Balance Routes GET /api/v1/central/movements should return movements for date range","invocations":1,"location":null,"numPassingAsserts":0,"retryReasons":[],"startAt":1774610639712,"status":"failed","title":"should return movements for date range"},{"ancestorTitles":["Central Balance Routes","GET /api/v1/central/movements"],"duration":0,"failing":false,"failureDetails":[{}],"failureMessages":["TypeError: Cannot read properties of undefined (reading 'mockResolvedValue')\n    at mockResolvedValue (C:\\dev\\dikky-kas-api\\__tests__\\helpers\\mockPrisma.js:47:24)\n    at Object.resetAllMocks (C:\\dev\\dikky-kas-api\\__tests__\\routes\\central.test.js:11:9)\n    at Promise.finally.completed (C:\\dev\\dikky-kas-api\\node_modules\\jest-circus\\build\\jestAdapterInit.js:1557:28)\n    at new Promise (<anonymous>)\n    at callAsyncCircusFn (C:\\dev\\dikky-kas-api\\node_modules\\jest-circus\\build\\jestAdapterInit.js:1497:10)\n    at _callCircusHook (C:\\dev\\dikky-kas-api\\node_modules\\jest-circus\\build\\jestAdapterInit.js:976:40)\n    at processTicksAndRejections (node:internal/process/task_queues:95:5)\n    at _runTest (C:\\dev\\dikky-kas-api\\node_modules\\jest-circus\\build\\jestAdapterInit.js:941:5)\n    at C:\\dev\\dikky-kas-api\\node_modules\\jest-circus\\build\\jestAdapterInit.js:849:7\n    at _runTestsForDescribeBlock (C:\\dev\\dikky-kas-api\\node_modules\\jest-circus\\build\\jestAdapterInit.js:862:11)\n    at _runTestsForDescribeBlock (C:\\dev\\dikky-kas-api\\node_modules\\jest-circus\\build\\jestAdapterInit.js:857:11)\n    at _runTestsForDescribeBlock (C:\\dev\\dikky-kas-api\\node_modules\\jest-circus\\build\\jestAdapterInit.js:857:11)\n    at run (C:\\dev\\dikky-kas-api\\node_modules\\jest-circus\\build\\jestAdapterInit.js:761:3)\n    at runAndTransformResultsToJestFormat (C:\\dev\\dikky-kas-api\\node_modules\\jest-circus\\build\\jestAdapterInit.js:1918:21)\n    at jestAdapter (C:\\dev\\dikky-kas-api\\node_modules\\jest-circus\\build\\runner.js:101:19)\n    at runTestInternal (C:\\dev\\dikky-kas-api\\node_modules\\jest-runner\\build\\index.js:275:16)\n    at runTest (C:\\dev\\dikky-kas-api\\node_modules\\jest-runner\\build\\index.js:343:7)"],"fullName":"Central Balance Routes GET /api/v1/central/movements should default to today when no dates provided","invocations":1,"location":null,"numPassingAsserts":0,"retryReasons":[],"startAt":1774610639713,"status":"failed","title":"should default to today when no dates provided"}],"endTime":1774610639741,"message":"  ΓùÅ Central Balance Routes ΓÇ║ GET /api/v1/central/accounts ΓÇ║ should return existing accounts\n\n    TypeError: Cannot read properties of undefined (reading 'mockResolvedValue')\n\n    \u001b[0m \u001b[90m 45 |\u001b[39m     \u001b[90m// Restore default findMany to return []\u001b[39m\n     \u001b[90m 46 |\u001b[39m     \u001b[36mfor\u001b[39m (\u001b[36mconst\u001b[39m model \u001b[36mof\u001b[39m \u001b[33mObject\u001b[39m\u001b[33m.\u001b[39mvalues(mockPrisma)) {\n    \u001b[31m\u001b[1m>\u001b[22m\u001b[39m\u001b[90m 47 |\u001b[39m         model\u001b[33m.\u001b[39mfindMany\u001b[33m.\u001b[39mmockResolvedValue([])\u001b[33m;\u001b[39m\n     \u001b[90m    |\u001b[39m                        \u001b[31m\u001b[1m^\u001b[22m\u001b[39m\n     \u001b[90m 48 |\u001b[39m     }\n     \u001b[90m 49 |\u001b[39m }\n     \u001b[90m 50 |\u001b[39m\u001b[0m\n\n      at mockResolvedValue (__tests__/helpers/mockPrisma.js:47:24)\n      at Object.resetAllMocks (__tests__/routes/central.test.js:11:9)\n\n  ΓùÅ Central Balance Routes ΓÇ║ GET /api/v1/central/accounts ΓÇ║ should auto-initialize defaults when no accounts exist\n\n    TypeError: Cannot read properties of undefined (reading 'mockResolvedValue')\n\n    \u001b[0m \u001b[90m 45 |\u001b[39m     \u001b[90m// Restore default findMany to return []\u001b[39m\n     \u001b[90m 46 |\u001b[39m     \u001b[36mfor\u001b[39m (\u001b[36mconst\u001b[39m model \u001b[36mof\u001b[39m \u001b[33mObject\u001b[39m\u001b[33m.\u001b[39mvalues(mockPrisma)) {\n    \u001b[31m\u001b[1m>\u001b[22m\u001b[39m\u001b[90m 47 |\u001b[39m         model\u001b[33m.\u001b[39mfindMany\u001b[33m.\u001b[39mmockResolvedValue([])\u001b[33m;\u001b[39m\n     \u001b[90m    |\u001b[39m                        \u001b[31m\u001b[1m^\u001b[22m\u001b[39m\n     \u001b[90m 48 |\u001b[39m     }\n     \u001b[90m 49 |\u001b[39m }\n     \u001b[90m 50 |\u001b[39m\u001b[0m\n\n      at mockResolvedValue (__tests__/helpers/mockPrisma.js:47:24)\n      at Object.resetAllMocks (__tests__/routes/central.test.js:11:9)\n\n  ΓùÅ Central Balance Routes ΓÇ║ GET /api/v1/central/accounts ΓÇ║ should return 401 without auth\n\n    TypeError: Cannot read properties of undefined (reading 'mockResolvedValue')\n\n    \u001b[0m \u001b[90m 45 |\u001b[39m     \u001b[90m// Restore default findMany to return []\u001b[39m\n     \u001b[90m 46 |\u001b[39m     \u001b[36mfor\u001b[39m (\u001b[36mconst\u001b[39m model \u001b[36mof\u001b[39m \u001b[33mObject\u001b[39m\u001b[33m.\u001b[39mvalues(mockPrisma)) {\n    \u001b[31m\u001b[1m>\u001b[22m\u001b[39m\u001b[90m 47 |\u001b[39m         model\u001b[33m.\u001b[39mfindMany\u001b[33m.\u001b[39mmockResolvedValue([])\u001b[33m;\u001b[39m\n     \u001b[90m    |\u001b[39m                        \u001b[31m\u001b[1m^\u001b[22m\u001b[39m\n     \u001b[90m 48 |\u001b[39m     }\n     \u001b[90m 49 |\u001b[39m }\n     \u001b[90m 50 |\u001b[39m\u001b[0m\n\n      at mockResolvedValue (__tests__/helpers/mockPrisma.js:47:24)\n      at Object.resetAllMocks (__tests__/routes/central.test.js:11:9)\n\n  ΓùÅ Central Balance Routes ΓÇ║ POST /api/v1/central/movements ΓÇ║ should record EXPENSE and decrement account\n\n    TypeError: Cannot read properties of undefined (reading 'mockResolvedValue')\n\n    \u001b[0m \u001b[90m 45 |\u001b[39m     \u001b[90m// Restore default findMany to return []\u001b[39m\n     \u001b[90m 46 |\u001b[39m     \u001b[36mfor\u001b[39m (\u001b[36mconst\u001b[39m model \u001b[36mof\u001b[39m \u001b[33mObject\u001b[39m\u001b[33m.\u001b[39mvalues(mockPrisma)) {\n    \u001b[31m\u001b[1m>\u001b[22m\u001b[39m\u001b[90m 47 |\u001b[39m         model\u001b[33m.\u001b[39mfindMany\u001b[33m.\u001b[39mmockResolvedValue([])\u001b[33m;\u001b[39m\n     \u001b[90m    |\u001b[39m                        \u001b[31m\u001b[1m^\u001b[22m\u001b[39m\n     \u001b[90m 48 |\u001b[39m     }\n     \u001b[90m 49 |\u001b[39m }\n     \u001b[90m 50 |\u001b[39m\u001b[0m\n\n      at mockResolvedValue (__tests__/helpers/mockPrisma.js:47:24)\n      at Object.resetAllMocks (__tests__/routes/central.test.js:11:9)\n\n  ΓùÅ Central Balance Routes ΓÇ║ POST /api/v1/central/movements ΓÇ║ should record INCOME and increment account\n\n    TypeError: Cannot read properties of undefined (reading 'mockResolvedValue')\n\n    \u001b[0m \u001b[90m 45 |\u001b[39m     \u001b[90m// Restore default findMany to return []\u001b[39m\n     \u001b[90m 46 |\u001b[39m     \u001b[36mfor\u001b[39m (\u001b[36mconst\u001b[39m model \u001b[36mof\u001b[39m \u001b[33mObject\u001b[39m\u001b[33m.\u001b[39mvalues(mockPrisma)) {\n    \u001b[31m\u001b[1m>\u001b[22m\u001b[39m\u001b[90m 47 |\u001b[39m         model\u001b[33m.\u001b[39mfindMany\u001b[33m.\u001b[39mmockResolvedValue([])\u001b[33m;\u001b[39m\n     \u001b[90m    |\u001b[39m                        \u001b[31m\u001b[1m^\u001b[22m\u001b[39m\n     \u001b[90m 48 |\u001b[39m     }\n     \u001b[90m 49 |\u001b[39m }\n     \u001b[90m 50 |\u001b[39m\u001b[0m\n\n      at mockResolvedValue (__tests__/helpers/mockPrisma.js:47:24)\n      at Object.resetAllMocks (__tests__/routes/central.test.js:11:9)\n\n  ΓùÅ Central Balance Routes ΓÇ║ POST /api/v1/central/movements ΓÇ║ should record TRANSFER and update both accounts\n\n    TypeError: Cannot read properties of undefined (reading 'mockResolvedValue')\n\n    \u001b[0m \u001b[90m 45 |\u001b[39m     \u001b[90m// Restore default findMany to return []\u001b[39m\n     \u001b[90m 46 |\u001b[39m     \u001b[36mfor\u001b[39m (\u001b[36mconst\u001b[39m model \u001b[36mof\u001b[39m \u001b[33mObject\u001b[39m\u001b[33m.\u001b[39mvalues(mockPrisma)) {\n    \u001b[31m\u001b[1m>\u001b[22m\u001b[39m\u001b[90m 47 |\u001b[39m         model\u001b[33m.\u001b[39mfindMany\u001b[33m.\u001b[39mmockResolvedValue([])\u001b[33m;\u001b[39m\n     \u001b[90m    |\u001b[39m                        \u001b[31m\u001b[1m^\u001b[22m\u001b[39m\n     \u001b[90m 48 |\u001b[39m     }\n     \u001b[90m 49 |\u001b[39m }\n     \u001b[90m 50 |\u001b[39m\u001b[0m\n\n      at mockResolvedValue (__tests__/helpers/mockPrisma.js:47:24)\n      at Object.resetAllMocks (__tests__/routes/central.test.js:11:9)\n\n  ΓùÅ Central Balance Routes ΓÇ║ POST /api/v1/central/movements ΓÇ║ should return 400 for EXPENSE without account\n\n    TypeError: Cannot read properties of undefined (reading 'mockResolvedValue')\n\n    \u001b[0m \u001b[90m 45 |\u001b[39m     \u001b[90m// Restore default findMany to return []\u001b[39m\n     \u001b[90m 46 |\u001b[39m     \u001b[36mfor\u001b[39m (\u001b[36mconst\u001b[39m model \u001b[36mof\u001b[39m \u001b[33mObject\u001b[39m\u001b[33m.\u001b[39mvalues(mockPrisma)) {\n    \u001b[31m\u001b[1m>\u001b[22m\u001b[39m\u001b[90m 47 |\u001b[39m         model\u001b[33m.\u001b[39mfindMany\u001b[33m.\u001b[39mmockResolvedValue([])\u001b[33m;\u001b[39m\n     \u001b[90m    |\u001b[39m                        \u001b[31m\u001b[1m^\u001b[22m\u001b[39m\n     \u001b[90m 48 |\u001b[39m     }\n     \u001b[90m 49 |\u001b[39m }\n     \u001b[90m 50 |\u001b[39m\u001b[0m\n\n      at mockResolvedValue (__tests__/helpers/mockPrisma.js:47:24)\n      at Object.resetAllMocks (__tests__/routes/central.test.js:11:9)\n\n  ΓùÅ Central Balance Routes ΓÇ║ POST /api/v1/central/movements ΓÇ║ should return 400 for TRANSFER without fromAccount/toAccount\n\n    TypeError: Cannot read properties of undefined (reading 'mockResolvedValue')\n\n    \u001b[0m \u001b[90m 45 |\u001b[39m     \u001b[90m// Restore default findMany to return []\u001b[39m\n     \u001b[90m 46 |\u001b[39m     \u001b[36mfor\u001b[39m (\u001b[36mconst\u001b[39m model \u001b[36mof\u001b[39m \u001b[33mObject\u001b[39m\u001b[33m.\u001b[39mvalues(mockPrisma)) {\n    \u001b[31m\u001b[1m>\u001b[22m\u001b[39m\u001b[90m 47 |\u001b[39m         model\u001b[33m.\u001b[39mfindMany\u001b[33m.\u001b[39mmockResolvedValue([])\u001b[33m;\u001b[39m\n     \u001b[90m    |\u001b[39m                        \u001b[31m\u001b[1m^\u001b[22m\u001b[39m\n     \u001b[90m 48 |\u001b[39m     }\n     \u001b[90m 49 |\u001b[39m }\n     \u001b[90m 50 |\u001b[39m\u001b[0m\n\n      at mockResolvedValue (__tests__/helpers/mockPrisma.js:47:24)\n      at Object.resetAllMocks (__tests__/routes/central.test.js:11:9)\n\n  ΓùÅ Central Balance Routes ΓÇ║ POST /api/v1/central/movements ΓÇ║ should return 400 for invalid type\n\n    TypeError: Cannot read properties of undefined (reading 'mockResolvedValue')\n\n    \u001b[0m \u001b[90m 45 |\u001b[39m     \u001b[90m// Restore default findMany to return []\u001b[39m\n     \u001b[90m 46 |\u001b[39m     \u001b[36mfor\u001b[39m (\u001b[36mconst\u001b[39m model \u001b[36mof\u001b[39m \u001b[33mObject\u001b[39m\u001b[33m.\u001b[39mvalues(mockPrisma)) {\n    \u001b[31m\u001b[1m>\u001b[22m\u001b[39m\u001b[90m 47 |\u001b[39m         model\u001b[33m.\u001b[39mfindMany\u001b[33m.\u001b[39mmockResolvedValue([])\u001b[33m;\u001b[39m\n     \u001b[90m    |\u001b[39m                        \u001b[31m\u001b[1m^\u001b[22m\u001b[39m\n     \u001b[90m 48 |\u001b[39m     }\n     \u001b[90m 49 |\u001b[39m }\n     \u001b[90m 50 |\u001b[39m\u001b[0m\n\n      at mockResolvedValue (__tests__/helpers/mockPrisma.js:47:24)\n      at Object.resetAllMocks (__tests__/routes/central.test.js:11:9)\n\n  ΓùÅ Central Balance Routes ΓÇ║ GET /api/v1/central/movements ΓÇ║ should return movements for date range\n\n    TypeError: Cannot read properties of undefined (reading 'mockResolvedValue')\n\n    \u001b[0m \u001b[90m 45 |\u001b[39m     \u001b[90m// Restore default findMany to return []\u001b[39m\n     \u001b[90m 46 |\u001b[39m     \u001b[36mfor\u001b[39m (\u001b[36mconst\u001b[39m model \u001b[36mof\u001b[39m \u001b[33mObject\u001b[39m\u001b[33m.\u001b[39mvalues(mockPrisma)) {\n    \u001b[31m\u001b[1m>\u001b[22m\u001b[39m\u001b[90m 47 |\u001b[39m         model\u001b[33m.\u001b[39mfindMany\u001b[33m.\u001b[39mmockResolvedValue([])\u001b[33m;\u001b[39m\n     \u001b[90m    |\u001b[39m                        \u001b[31m\u001b[1m^\u001b[22m\u001b[39m\n     \u001b[90m 48 |\u001b[39m     }\n     \u001b[90m 49 |\u001b[39m }\n     \u001b[90m 50 |\u001b[39m\u001b[0m\n\n      at mockResolvedValue (__tests__/helpers/mockPrisma.js:47:24)\n      at Object.resetAllMocks (__tests__/routes/central.test.js:11:9)\n\n  ΓùÅ Central Balance Routes ΓÇ║ GET /api/v1/central/movements ΓÇ║ should default to today when no dates provided\n\n    TypeError: Cannot read properties of undefined (reading 'mockResolvedValue')\n\n    \u001b[0m \u001b[90m 45 |\u001b[39m     \u001b[90m// Restore default findMany to return []\u001b[39m\n     \u001b[90m 46 |\u001b[39m     \u001b[36mfor\u001b[39m (\u001b[36mconst\u001b[39m model \u001b[36mof\u001b[39m \u001b[33mObject\u001b[39m\u001b[33m.\u001b[39mvalues(mockPrisma)) {\n    \u001b[31m\u001b[1m>\u001b[22m\u001b[39m\u001b[90m 47 |\u001b[39m         model\u001b[33m.\u001b[39mfindMany\u001b[33m.\u001b[39mmockResolvedValue([])\u001b[33m;\u001b[39m\n     \u001b[90m    |\u001b[39m                        \u001b[31m\u001b[1m^\u001b[22m\u001b[39m\n     \u001b[90m 48 |\u001b[39m     }\n     \u001b[90m 49 |\u001b[39m }\n     \u001b[90m 50 |\u001b[39m\u001b[0m\n\n      at mockResolvedValue (__tests__/helpers/mockPrisma.js:47:24)\n      at Object.resetAllMocks (__tests__/routes/central.test.js:11:9)\n","name":"C:\\dev\\dikky-kas-api\\__tests__\\routes\\central.test.js","startTime":1774610638900,"status":"failed","summary":""}],"wasInterrupted":false}
